
2025/03/14 (19:39:28) | ===> btop++ v.1.4.0
2025/03/14 (19:39:28) | ERROR: No tty detected!
btop++ needs an interactive shell to run.

2025/03/14 (21:13:47) | ===> btop++ v.1.4.0
2025/03/14 (21:13:47) | INFO: Logger set to INFO
2025/03/14 (21:13:48) | INFO: Logger set to DEBUG
2025/03/14 (21:13:49) | INFO: Logger set to INFO
2025/03/14 (21:13:51) | INFO: Logger set to INFO
2025/03/14 (21:13:52) | INFO: Logger set to DEBUG
2025/03/14 (21:13:52) | INFO: Logger set to INFO
2025/03/14 (21:13:59) | INFO: Quitting! Runtime: 00:01:44

2025/03/15 (11:53:26) | ===> btop++ v.1.4.0
2025/03/15 (11:53:26) | INFO: Logger set to INFO
2025/03/15 (11:53:26) | ERROR: No tty detected!
btop++ needs an interactive shell to run.
2025/03/15 (11:53:26) | INFO: Quitting! Runtime: 00:00:00

2025/03/16 (09:14:20) | ===> btop++ v.1.4.0
2025/03/16 (09:14:20) | INFO: Logger set to INFO
2025/03/16 (09:14:20) | INFO: Running on /dev/pts/6
2025/03/16 (09:14:20) | INFO: Failed to load librocm_smi64.so, AMD GPUs will not be detected: librocm_smi64.so.6: cannot open shared object file: No such file or directory
2025/03/16 (09:14:42) | INFO: Quitting! Runtime: 00:00:22

2025/03/16 (09:20:10) | ===> btop++ v.1.4.0
2025/03/16 (09:20:10) | INFO: Logger set to INFO
2025/03/16 (09:20:10) | ERROR: Couldn't determine terminal size of "STDOUT_FILENO"!
2025/03/16 (09:20:10) | INFO: Running on /dev/pts/8
2025/03/16 (09:20:10) | ERROR: Couldn't determine terminal size of "STDOUT_FILENO"!
2025/03/16 (09:20:10) | ERROR: Couldn't determine terminal size of "STDOUT_FILENO"!
2025/03/16 (09:20:10) | INFO: Failed to load librocm_smi64.so, AMD GPUs will not be detected: librocm_smi64.so.6: cannot open shared object file: No such file or directory
2025/03/16 (09:20:10) | ERROR: Couldn't determine terminal size of "STDOUT_FILENO"!
2025/03/16 (09:20:11) | ERROR: Couldn't determine terminal size of "STDOUT_FILENO"!
2025/03/16 (09:20:12) | ERROR: Couldn't determine terminal size of "STDOUT_FILENO"!
2025/03/16 (09:20:13) | INFO: Quitting! Runtime: 00:00:03

2025/03/16 (09:20:14) | ===> btop++ v.1.4.0
2025/03/16 (09:20:14) | INFO: Logger set to INFO
2025/03/16 (09:20:14) | ERROR: Couldn't determine terminal size of "STDOUT_FILENO"!
2025/03/16 (09:20:14) | INFO: Running on /dev/pts/8
2025/03/16 (09:20:14) | ERROR: Couldn't determine terminal size of "STDOUT_FILENO"!
2025/03/16 (09:20:14) | ERROR: Couldn't determine terminal size of "STDOUT_FILENO"!
2025/03/16 (09:20:14) | INFO: Failed to load librocm_smi64.so, AMD GPUs will not be detected: librocm_smi64.so.6: cannot open shared object file: No such file or directory
2025/03/16 (09:20:14) | ERROR: Couldn't determine terminal size of "STDOUT_FILENO"!
2025/03/16 (09:20:15) | ERROR: Couldn't determine terminal size of "STDOUT_FILENO"!
2025/03/16 (09:20:16) | ERROR: Couldn't determine terminal size of "STDOUT_FILENO"!
2025/03/16 (09:20:17) | ERROR: Couldn't determine terminal size of "STDOUT_FILENO"!
2025/03/16 (09:20:18) | INFO: Quitting! Runtime: 00:00:04

2025/03/16 (10:08:56) | ===> btop++ v.1.4.0
2025/03/16 (10:08:56) | INFO: Logger set to INFO
2025/03/16 (10:08:56) | INFO: Running on /dev/pts/8
2025/03/16 (10:08:56) | INFO: Failed to load librocm_smi64.so, AMD GPUs will not be detected: librocm_smi64.so.6: cannot open shared object file: No such file or directory
2025/03/16 (10:09:33) | INFO: Quitting! Runtime: 00:00:37

2025/03/16 (10:17:45) | ===> btop++ v.1.4.0
2025/03/16 (10:17:45) | INFO: Logger set to INFO
2025/03/16 (10:17:45) | INFO: Running on /dev/pts/7
2025/03/16 (10:17:45) | INFO: Failed to load librocm_smi64.so, AMD GPUs will not be detected: librocm_smi64.so.6: cannot open shared object file: No such file or directory
2025/03/16 (10:17:55) | INFO: Quitting! Runtime: 00:00:10

2025/03/18 (20:29:46) | ===> btop++ v.1.4.0
2025/03/18 (20:29:46) | INFO: Logger set to INFO
2025/03/18 (20:29:46) | INFO: Running on /dev/pts/9
2025/03/18 (20:29:46) | INFO: Failed to load librocm_smi64.so, AMD GPUs will not be detected: librocm_smi64.so.6: cannot open shared object file: No such file or directory
2025/03/18 (20:30:08) | INFO: Quitting! Runtime: 00:00:22

2025/03/21 (17:14:25) | ===> btop++ v.1.4.0
2025/03/21 (17:14:25) | INFO: Logger set to INFO
2025/03/21 (17:14:25) | ERROR: No tty detected!
btop++ needs an interactive shell to run.
2025/03/21 (17:14:25) | INFO: Quitting! Runtime: 00:00:00

2025/03/21 (21:29:45) | ===> btop++ v.1.4.0
2025/03/21 (21:29:45) | INFO: Logger set to INFO
2025/03/21 (21:29:45) | INFO: Running on /dev/pts/11
2025/03/21 (21:29:45) | INFO: Failed to load librocm_smi64.so, AMD GPUs will not be detected: librocm_smi64.so.6: cannot open shared object file: No such file or directory
2025/03/21 (22:06:52) | INFO: Quitting! Runtime: 00:37:07

2025/03/21 (22:08:09) | ===> btop++ v.1.4.0
2025/03/21 (22:08:09) | INFO: Logger set to INFO
2025/03/21 (22:08:09) | INFO: Running on /dev/pts/11
2025/03/21 (22:08:09) | INFO: Failed to load librocm_smi64.so, AMD GPUs will not be detected: librocm_smi64.so.6: cannot open shared object file: No such file or directory

2025/03/24 (12:53:10) | ===> btop++ v.1.4.0
2025/03/24 (12:53:10) | INFO: Logger set to INFO
2025/03/24 (12:53:10) | INFO: Running on /dev/pts/5
2025/03/24 (12:53:10) | INFO: Failed to load libnvidia-ml.so, NVIDIA GPUs will not be detected: libnvidia-ml.so.1: cannot open shared object file: No such file or directory
2025/03/24 (12:53:10) | INFO: Failed to load librocm_smi64.so, AMD GPUs will not be detected: librocm_smi64.so.6: cannot open shared object file: No such file or directory
2025/03/24 (12:53:19) | INFO: Quitting! Runtime: 00:00:09

2025/03/26 (17:16:34) | ===> btop++ v.1.4.0
2025/03/26 (17:16:34) | INFO: Logger set to INFO
2025/03/26 (17:16:34) | INFO: Running on /dev/pts/8
2025/03/26 (17:16:34) | INFO: Failed to load librocm_smi64.so, AMD GPUs will not be detected: librocm_smi64.so.6: cannot open shared object file: No such file or directory

2025/03/27 (09:14:57) | ===> btop++ v.1.4.0
2025/03/27 (09:14:57) | INFO: Logger set to INFO
2025/03/27 (09:14:57) | INFO: Running on /dev/pts/4
2025/03/27 (09:14:57) | INFO: Failed to load libnvidia-ml.so, NVIDIA GPUs will not be detected: libnvidia-ml.so.1: cannot open shared object file: No such file or directory
2025/03/27 (09:14:57) | INFO: Failed to load librocm_smi64.so, AMD GPUs will not be detected: librocm_smi64.so.6: cannot open shared object file: No such file or directory
2025/03/27 (09:15:20) | INFO: Quitting! Runtime: 00:00:23

2025/03/27 (12:10:03) | ===> btop++ v.1.4.0
2025/03/27 (12:10:03) | INFO: Logger set to INFO
2025/03/27 (12:10:03) | INFO: Running on /dev/pts/8
2025/03/27 (12:10:03) | INFO: Failed to load libnvidia-ml.so, NVIDIA GPUs will not be detected: libnvidia-ml.so.1: cannot open shared object file: No such file or directory
2025/03/27 (12:10:03) | INFO: Failed to load librocm_smi64.so, AMD GPUs will not be detected: librocm_smi64.so.6: cannot open shared object file: No such file or directory
2025/03/27 (12:10:07) | INFO: Quitting! Runtime: 00:00:04
